7 98 27
13 89 12
0 15 3
x
x
3 28 9
x
1 15 4
0 11 32
x
7 51 3
x
x
x
6 0 6
x
x
x
4 80 35
x
9 35 31
x
x
7 0 7
x
x
x
x
4 35 10
x
x
14 91 13
x
x
2 15 5
2 95 16
x
x
x
x
x
14 3 14
x
x
x
x
5 32 11
x
x
15 37 37
0 6 16
x
11 15 14
x
x
x
4 95 6
9 69 24
x
0 0 0
15 0 15
x
x
x
x
5 96 17
1 11 33
10 73 25
x
3 15 6
13 79 15
x
14 81 16
x
x
x
x
x
x
x
15 84 17
x
x
2 58 30
x
x
2 11 34
x
x
8 0 8
x
x
5 78 36
10 52 35
x
3 77 31
x
x
x
14 34 20
4 68 32
x
0 21 35
x
x
8 51 4
8 39 1
x
x
9 0 9
2 32 24
x
x
13 21 3
10 0 10
x
x
15 94 14
x
1 21 36
14 28 4
x
x
15 24 5
0 52 25
0 36 38
x
x
6 86 7
1 37 39
x
x
1 0 1
5 66 33
4 15 7
3 11 35
x
x
x
0 63 12
x
x
x
x
11 68 26
15 32 21
x
x
x
4 51 29
x
x
x
4 11 36
6 8 22
x
x
x
11 54 23
x
x
1 43 26
x
12 53 24
12 15 15
9 52 5
x
x
3 38 25
x
x
6 92 18
6 59 34
x
x
x
12 63 27
x
7 87 8
11 43 36
2 65 17
11 0 11
0 58 41
4 41 26
14 14 1
7 93 19
x
6 29 12
13 56 25
x
x
x
x
1 49 42
x
x
x
3 83 18
11 6 27
x
x
12 6 28
x
12 69 43
x
x
x
x
x
x
x
x
x
x
x
2 36 40
3 42 41
x
x
5 16 37
7 60 35
10 58 6
1 6 17
x
x
6 71 37
9 39 2
x
2 49 43
x
x
x
2 6 18
10 44 3
x
x
13 6 29
x
2 42 27
x
x
13 15 16
x
12 42 37
5 51 30
1 55 13
x
13 66 28
x
x
2 21 37
x
x
x
x
x
x
6 44 31
x
x
9 96 20
3 67 44
11 95 21
x
11 37 4
x
1 97 24
2 54 14
12 36 5
x
x
x
x
x
3 6 19
x
x
x
x
5 20 8
3 73 15
x
5 39 27
x
x
x
6 34 28
x
x
x
6 17 9
x
7 27 13
x
x
2 0 2
x
4 57 0
x
8 62 36
x
x
8 84 10
x
5 57 1
14 60 26
3 58 28
11 49 7
x
15 62 27
3 22 38
x
13 37 6
x
x
4 6 20
x
x
x
x
4 29 39
6 13 38
13 43 38
x
12 96 22
7 6 23
x
13 95 23
x
9 61 37
x
x
5 26 40
x
x
x
7 11 39
13 72 44
x
4 45 42
8 30 14
x
9 90 9
x
4 74 19
x
6 97 25
x
11 89 10
x
4 64 16
x
3 0 3
x
10 15 13
15 14 2
x
x
14 70 29
x
x
12 84 11
x
x
x
x
7 72 38
5 45 43
x
9 30 15
10 67 38
4 0 4
x
9 80 11
6 23 41
8 95 26
5 62 17
0 85 2
x
x
12 48 8
7 21 42
x
14 43 7
14 9 30
x
8 9 24
7 45 32
x
15 9 31
6 55 18
x
x
x
10 88 12
x
x
x
x
x
x
12 0 12
x
x
1 76 3
x
x
x
x
8 14 40
7 15 10
x
2 79 4
x
x
x
8 78 39
11 58 39
13 49 9
14 55 10
14 49 39
15 47 40
x
7 56 19
x
x
x
15 72 30
8 24 43
14 18 17
10 40 32
x
x
x
8 45 33
5 5 5
x
x
x
15 57 11
7 35 29
x
x
0 95 3
x
x
x
x
x
x
x
3 95 5
5 11 21
8 58 20
x
x
9 11 41
x
10 11 42
x
14 76 0
x
x
x
4 85 6
9 75 40
x
x
x
x
15 18 18
x
x
x
x
x
x
x
x
x
9 57 21
11 33 33
x
11 11 43
x
1 86 4
12 11 44
x
5 84 7
0 32 22
x
x
12 57 40
x
2 89 5
11 79 13
x
0 74 15
6 50 2
x
x
x
x
x
x
x
x
10 30 16
12 74 14
x
x
11 28 17
9 46 34
5 72 20
x
13 60 41
x
x
10 83 41
9 24 44
10 24 0
0 80 31
x
x
x
x
x
x
x
x
x
x
12 27 18
x
x
1 71 32
14 64 42
x
6 38 44
x
15 66 43
6 76 8
x
x
x
x
x
x
15 41 8
8 35 30
x
x
x
6 65 21
10 63 22
x
x
7 66 22
13 0 13
x
x
x
x
x
x
1 33 23
0 67 28
11 21 1
x
x
2 74 33
x
12 32 34
x
8 72 23
11 74 42
1 65 16
x
x
x
x
x
x
12 21 2
15 78 1
x
9 6 25
13 33 35
x
x
x
x
1 92 15
x
x
x
x
x
14 39 36
x
x
1 59 29
10 6 26
x
x
8 18 11
x
13 11 0
x
0 27 6
1 28 7
3 89 34
7 77 9
x
x
9 15 12
x
x
x
2 27 8
x
7 39 0
x
x
13 28 19