0 0 0
0 0 0
0 0 0
14 55 42
x
0 0 0
13 56 43
0 0 0
0 0 0
0 0 0
0 0 0
0 0 0
4 6 27
0 0 0
0 0 0
0 0 0
9 32 28
0 0 0
0 0 0
2 53 9
0 0 0
6 68 24
12 92 39
0 0 0
0 0 0
8 32 29
0 0 0
12 53 44
0 0 0
12 88 37
0 0 0
0 0 0
0 0 0
0 0 0
0 0 0
0 0 0
11 51 0
6 25 44
7 6 24
6 87 43
0 0 0
0 0 0
x
0 0 0
7 33 30
0 0 0
0 0 0
x
0 0 0
0 0 0
0 0 0
1 89 3
0 0 0
4 64 39
0 0 0
3 67 40
0 0 0
0 0 0
13 26 37
9 93 37
0 0 0
11 86 38
11 15 7
0 88 4
0 0 0
0 0 0
0 0 0
0 0 0
0 0 0
0 0 0
0 0 0
14 36 23
0 0 0
0 0 0
0 0 0
15 82 2
0 0 0
6 34 31
0 0 0
0 0 0
0 0 0
0 0 0
0 0 0
0 0 0
5 25 0
3 6 28
0 0 0
0 0 0
3 44 21
0 0 0
0 0 0
1 36 36
0 0 0
0 0 0
0 36 37
0 0 0
0 0 0
x
0 0 0
0 0 0
0 0 0
14 6 17
0 0 0
15 98 20
11 96 40
0 0 0
0 0 0
0 0 0
x
0 0 0
0 0 0
4 17 14
x
0 0 0
0 0 0
2 62 41
1 53 10
0 0 0
0 0 0
0 0 0
0 0 0
0 0 0
0 0 0
0 0 0
0 0 0
0 0 0
15 48 9
0 0 0
0 0 0
0 0 0
10 96 41
6 96 29
0 0 0
0 0 0
0 0 0
0 0 0
12 26 38
11 24 39
5 87 44
0 0 0
0 0 0
0 0 0
0 0 0
13 34 24
0 0 0
0 0 0
0 0 0
10 69 20
4 29 1
0 0 0
2 44 22
0 0 0
10 77 7
0 0 0
0 0 0
0 0 0
5 68 25
10 15 8
0 0 0
0 0 0
13 6 18
0 0 0
x
0 0 0
0 0 0
0 0 0
1 62 42
x
0 0 0
14 99 21
0 0 0
0 0 0
0 0 0
0 53 11
2 6 29
3 19 15
0 0 0
x
0 0 0
0 0 0
0 0 0
0 0 0
0 0 0
0 0 0
0 0 0
0 0 0
0 61 43
0 0 0
0 0 0
4 90 0
1 44 23
0 0 0
x
0 0 0
13 96 22
0 0 0
9 15 9
0 0 0
0 0 0
0 0 0
5 96 30
0 0 0
0 0 0
0 0 0
0 0 0
8 15 10
4 99 31
0 0 0
10 86 39
14 82 3
12 90 23
4 71 26
0 0 0
3 73 27
15 73 15
0 0 0
0 0 0
0 0 0
x
0 0 0
0 0 0
0 0 0
0 0 0
x
x
0 0 0
0 0 0
0 0 0
0 0 0
14 47 10
0 0 0
x
0 0 0
0 0 0
11 61 32
1 6 30
0 0 0
0 6 31
0 0 0
7 16 11
0 0 0
0 0 0
0 0 0
0 0 0
0 0 0
0 0 0
0 0 0
0 0 0
0 0 0
0 0 0
0 0 0
5 34 32
12 6 19
0 0 0
13 45 11
x
0 0 0
0 0 0
6 98 42
0 0 0
0 0 0
0 0 0
0 0 0
15 18 3
0 0 0
0 0 0
0 0 0
0 0 0
0 0 0
0 44 24
x
0 80 17
0 0 0
11 6 20
0 0 0
0 0 0
x
9 75 8
15 90 34
0 0 0
0 0 0
12 45 12
0 0 0
0 0 0
2 17 16
10 24 40
0 0 0
10 51 1
12 34 25
13 80 4
0 0 0
15 65 28
0 0 0
0 0 0
0 0 0
0 0 0
0 0 0
0 0 0
0 0 0
0 0 0
x
x
0 0 0
14 73 16
0 0 0
0 0 0
0 0 0
0 0 0
0 0 0
0 0 0
0 0 0
x
0 0 0
0 0 0
10 61 33
0 0 0
0 0 0
x
0 0 0
3 91 1
0 0 0
0 0 0
0 0 0
5 98 43
0 0 0
0 0 0
12 80 5
0 0 0
2 98 32
0 0 0
0 0 0
0 0 0
0 0 0
0 0 0
3 27 2
0 0 0
0 0 0
0 0 0
6 8 25
0 0 0
0 0 0
0 0 0
0 0 0
14 15 4
0 0 0
8 74 9
0 0 0
9 24 41
0 0 0
11 43 13
0 0 0
0 0 0
0 0 0
0 0 0
0 0 0
0 0 0
0 0 0
0 0 0
0 0 0
0 0 0
0 0 0
0 0 0
14 90 35
0 0 0
0 0 0
13 71 17
0 0 0
0 0 0
9 58 34
0 0 0
0 0 0
0 0 0
2 70 28
0 0 0
0 0 0
0 0 0
0 0 0
0 0 0
9 83 40
0 0 0
0 0 0
0 0 0
0 0 0
0 0 0
0 0 0
x
0 0 0
0 0 0
9 48 2
0 0 0
0 0 0
0 0 0
0 0 0
7 75 10
0 0 0
0 0 0
10 43 14
0 0 0
0 0 0
0 0 0
0 98 44
0 0 0
0 0 0
0 0 0
0 0 0
0 0 0
0 0 0
10 6 21
0 0 0
0 0 0
0 0 0
0 0 0
0 0 0
11 32 26
0 0 0
0 0 0
0 0 0
0 0 0
0 0 0
0 0 0
0 0 0
0 0 0
9 6 22
0 0 0
x
0 0 0
13 88 36
0 0 0
0 0 0
0 0 0
0 0 0
0 0 0
8 24 42
7 25 43
0 0 0
0 0 0
0 0 0
10 32 27
0 0 0
0 0 0
0 0 0
0 0 0
x
0 0 0
0 0 0
9 40 15
0 0 0
1 17 17
0 0 0
8 48 3
0 0 0
0 0 0
0 0 0
0 0 0
11 94 24
8 84 41
0 0 0
1 97 33
0 0 0
0 0 0
0 0 0
0 0 0
12 71 18
8 40 16
0 0 0
0 0 0
14 65 29
6 78 11
7 49 4
0 0 0
0 0 0
5 78 12
0 0 0
0 0 0
x
9 66 21
x
0 0 0
4 81 13
8 58 35
0 0 0
0 0 0
6 50 5
0 0 0
13 63 30
0 0 0
0 0 0
7 84 42
0 0 0
0 0 0
x
13 15 5
0 0 0
0 0 0
0 0 0
0 0 0
7 59 36
0 0 0
0 0 0
8 6 23
2 27 3
0 0 0
10 94 25
0 0 0
4 36 33
7 41 17
x
0 0 0
0 0 0
0 0 0
0 96 34
0 0 0
0 0 0
0 0 0
0 0 0
0 0 0
2 89 2
0 0 0
0 0 0
0 0 0
0 0 0
0 0 0
3 36 34
0 0 0
6 60 37
1 28 4
6 42 18
0 0 0
8 66 22
5 60 38
6 16 12
0 27 5
0 0 0
5 50 6
x
0 0 0
0 0 0
0 0 0
0 0 0
9 91 26
0 0 0
0 0 0
8 92 27
1 70 29
11 69 19
x
x
0 0 0
0 0 0
0 0 0
0 0 0
0 0 0
2 36 35
0 0 0
0 0 0
4 52 7
13 98 38
0 0 0
0 0 0
5 42 19
0 0 0
0 0 0
15 39 22
3 82 14
3 53 8
0 0 0
0 0 0
0 0 0
2 80 15
11 79 6
0 0 0
12 63 31
0 0 0
0 0 0
0 0 0
0 0 0
0 0 0
x
0 0 0
x
0 0 0
0 70 30
0 0 0
0 0 0
0 0 0
0 0 0
0 0 0
0 0 0
0 0 0
0 17 18
x
0 0 0
0 0 0
x
0 0 0
15 32 35
15 57 41
0 0 0
0 0 0
12 15 6
7 67 23
0 0 0
0 0 0
0 0 0
14 28 36
0 0 0
0 0 0
0 0 0
5 16 13
0 0 0
0 0 0
0 0 0
0 0 0
0 0 0
1 80 16
0 0 0
5 6 26
x
0 0 0
0 0 0
15 9 16
0 0 0
7 92 28
4 45 20
0 0 0